Determining if the pthread_create exist failed with the following output:
Change Dir: /home/dragon/Dev/mathworks/CppMicroServices_development/extensions/logservice/test/external/gtest/src/gtest-master-build/CMakeFiles/CMakeTmp

Run Build Command:"/usr/bin/make" "cmTryCompileExec3056358837/fast"
make[3]: Entering directory '/home/dragon/Dev/mathworks/CppMicroServices_development/extensions/logservice/test/external/gtest/src/gtest-master-build/CMakeFiles/CMakeTmp'
/usr/bin/make -f CMakeFiles/cmTryCompileExec3056358837.dir/build.make CMakeFiles/cmTryCompileExec3056358837.dir/build
make[4]: Entering directory '/home/dragon/Dev/mathworks/CppMicroServices_development/extensions/logservice/test/external/gtest/src/gtest-master-build/CMakeFiles/CMakeTmp'
/usr/bin/cmake -E cmake_progress_report /home/dragon/Dev/mathworks/CppMicroServices_development/extensions/logservice/test/external/gtest/src/gtest-master-build/CMakeFiles/CMakeTmp/CMakeFiles 1
/usr/bin/cmake: /usr/local/lib/libcurl.so.4: no version information available (required by /usr/bin/cmake)
Building C object CMakeFiles/cmTryCompileExec3056358837.dir/CheckSymbolExists.c.o
/usr/bin/cc    -o CMakeFiles/cmTryCompileExec3056358837.dir/CheckSymbolExists.c.o   -c /home/dragon/Dev/mathworks/CppMicroServices_development/extensions/logservice/test/external/gtest/src/gtest-master-build/CMakeFiles/CMakeTmp/CheckSymbolExists.c
Linking C executable cmTryCompileExec3056358837
/usr/bin/cmake -E cmake_link_script CMakeFiles/cmTryCompileExec3056358837.dir/link.txt --verbose=1
/usr/bin/cmake: /usr/local/lib/libcurl.so.4: no version information available (required by /usr/bin/cmake)
/usr/bin/cc       CMakeFiles/cmTryCompileExec3056358837.dir/CheckSymbolExists.c.o  -o cmTryCompileExec3056358837 -rdynamic 
CMakeFiles/cmTryCompileExec3056358837.dir/CheckSymbolExists.c.o: In function `main':
CheckSymbolExists.c:(.text+0x16): undefined reference to `pthread_create'
collect2: error: ld returned 1 exit status
CMakeFiles/cmTryCompileExec3056358837.dir/build.make:88: recipe for target 'cmTryCompileExec3056358837' failed
make[4]: *** [cmTryCompileExec3056358837] Error 1
make[4]: Leaving directory '/home/dragon/Dev/mathworks/CppMicroServices_development/extensions/logservice/test/external/gtest/src/gtest-master-build/CMakeFiles/CMakeTmp'
Makefile:117: recipe for target 'cmTryCompileExec3056358837/fast' failed
make[3]: Leaving directory '/home/dragon/Dev/mathworks/CppMicroServices_development/extensions/logservice/test/external/gtest/src/gtest-master-build/CMakeFiles/CMakeTmp'
make[3]: *** [cmTryCompileExec3056358837/fast] Error 2

File /home/dragon/Dev/mathworks/CppMicroServices_development/extensions/logservice/test/external/gtest/src/gtest-master-build/CMakeFiles/CMakeTmp/CheckSymbolExists.c:
/* */
#include <pthread.h>

int main(int argc, char** argv)
{
  (void)argv;
#ifndef pthread_create
  return ((int*)(&pthread_create))[argc];
#else
  (void)argc;
  return 0;
#endif
}

Determining if the function pthread_create exists in the pthreads failed with the following output:
Change Dir: /home/dragon/Dev/mathworks/CppMicroServices_development/extensions/logservice/test/external/gtest/src/gtest-master-build/CMakeFiles/CMakeTmp

Run Build Command:"/usr/bin/make" "cmTryCompileExec561829039/fast"
make[3]: Entering directory '/home/dragon/Dev/mathworks/CppMicroServices_development/extensions/logservice/test/external/gtest/src/gtest-master-build/CMakeFiles/CMakeTmp'
/usr/bin/make -f CMakeFiles/cmTryCompileExec561829039.dir/build.make CMakeFiles/cmTryCompileExec561829039.dir/build
make[4]: Entering directory '/home/dragon/Dev/mathworks/CppMicroServices_development/extensions/logservice/test/external/gtest/src/gtest-master-build/CMakeFiles/CMakeTmp'
/usr/bin/cmake -E cmake_progress_report /home/dragon/Dev/mathworks/CppMicroServices_development/extensions/logservice/test/external/gtest/src/gtest-master-build/CMakeFiles/CMakeTmp/CMakeFiles 1
/usr/bin/cmake: /usr/local/lib/libcurl.so.4: no version information available (required by /usr/bin/cmake)
Building C object CMakeFiles/cmTryCompileExec561829039.dir/CheckFunctionExists.c.o
/usr/bin/cc   -DCHECK_FUNCTION_EXISTS=pthread_create   -o CMakeFiles/cmTryCompileExec561829039.dir/CheckFunctionExists.c.o   -c /usr/share/cmake-3.2/Modules/CheckFunctionExists.c
Linking C executable cmTryCompileExec561829039
/usr/bin/cmake -E cmake_link_script CMakeFiles/cmTryCompileExec561829039.dir/link.txt --verbose=1
/usr/bin/cmake: /usr/local/lib/libcurl.so.4: no version information available (required by /usr/bin/cmake)
/usr/bin/cc   -DCHECK_FUNCTION_EXISTS=pthread_create    CMakeFiles/cmTryCompileExec561829039.dir/CheckFunctionExists.c.o  -o cmTryCompileExec561829039 -rdynamic -lpthreads 
/usr/bin/ld: cannot find -lpthreads
collect2: error: ld returned 1 exit status
CMakeFiles/cmTryCompileExec561829039.dir/build.make:88: recipe for target 'cmTryCompileExec561829039' failed
make[4]: *** [cmTryCompileExec561829039] Error 1
make[4]: Leaving directory '/home/dragon/Dev/mathworks/CppMicroServices_development/extensions/logservice/test/external/gtest/src/gtest-master-build/CMakeFiles/CMakeTmp'
Makefile:117: recipe for target 'cmTryCompileExec561829039/fast' failed
make[3]: Leaving directory '/home/dragon/Dev/mathworks/CppMicroServices_development/extensions/logservice/test/external/gtest/src/gtest-master-build/CMakeFiles/CMakeTmp'
make[3]: *** [cmTryCompileExec561829039/fast] Error 2


